<?xml version="1.0" encoding="UTF-8" ?>
<testsuite tests="1" failures="0" name="com.mycompany.app.AppTest" time="0.001" errors="0" skipped="0">
  <properties>
    <property name="java.vendor" value="AdoptOpenJDK"/>
    <property name="sun.java.launcher" value="SUN_STANDARD"/>
    <property name="os.name" value="Windows 10"/>
    <property name="sun.desktop" value="windows"/>
    <property name="java.vm.specification.vendor" value="Oracle Corporation"/>
    <property name="java.runtime.version" value="11.0.10+9"/>
    <property name="user.name" value="Aliz"/>
    <property name="java.compiler" value="j9jit29"/>
    <property name="os.encoding" value="UTF8"/>
    <property name="guice.disable.misplaced.annotation.check" value="true"/>
    <property name="com.ibm.util.extralibs.properties" value=""/>
    <property name="com.ibm.jcl.checkClassPath" value=""/>
    <property name="user.language" value="hu"/>
    <property name="com.ibm.oti.vm.bootstrap.library.path" value="C:\Program Files\AdoptOpenJDK\jdk-11.0.10.9-openj9\bin\compressedrefs;C:\Program Files\AdoptOpenJDK\jdk-11.0.10.9-openj9\bin"/>
    <property name="sun.boot.library.path" value="C:\Program Files\AdoptOpenJDK\jdk-11.0.10.9-openj9\bin\compressedrefs;C:\Program Files\AdoptOpenJDK\jdk-11.0.10.9-openj9\bin"/>
    <property name="classworlds.conf" value="D:\Egyetem\MSc\SOI\apache-maven-3.6.3\bin\..\bin\m2.conf"/>
    <property name="jdk.extensions.version" value="11.0.10.0"/>
    <property name="java.version" value="11.0.10"/>
    <property name="user.timezone" value="Europe/Prague"/>
    <property name="com.ibm.system.agent.path" value="C:\Program Files\AdoptOpenJDK\jdk-11.0.10.9-openj9\bin"/>
    <property name="sun.arch.data.model" value="64"/>
    <property name="com.ibm.oti.vm.library.version" value="29"/>
    <property name="sun.jnu.encoding" value="Cp1250"/>
    <property name="file.encoding.pkg" value="sun.io"/>
    <property name="file.separator" value="\"/>
    <property name="java.specification.name" value="Java Platform API Specification"/>
    <property name="maven.conf" value="D:\Egyetem\MSc\SOI\apache-maven-3.6.3\bin\../conf"/>
    <property name="java.class.version" value="55.0"/>
    <property name="user.country" value="HU"/>
    <property name="java.home" value="C:\Program Files\AdoptOpenJDK\jdk-11.0.10.9-openj9"/>
    <property name="java.vm.info" value="JRE 11 Windows 10 amd64-64-Bit Compressed References 20210120_899 (JIT enabled, AOT enabled)
OpenJ9   - 345e1b09e
OMR      - 741e94ea8
JCL      - 0a86953833 based on jdk-11.0.10+9"/>
    <property name="os.version" value="10.0"/>
    <property name="java.awt.fonts" value=""/>
    <property name="path.separator" value=";"/>
    <property name="java.vm.version" value="openj9-0.24.0"/>
    <property name="user.variant" value=""/>
    <property name="java.awt.printerjob" value="sun.awt.windows.WPrinterJob"/>
    <property name="jdk.extensions.name" value="Extensions for OpenJDK for Eclipse OpenJ9"/>
    <property name="sun.io.unicode.encoding" value="UnicodeLittle"/>
    <property name="awt.toolkit" value="sun.awt.windows.WToolkit"/>
    <property name="ibm.signalhandling.sigint" value="true"/>
    <property name="user.home" value="C:\Users\Aliz"/>
    <property name="com.ibm.cpu.endian" value="little"/>
    <property name="java.version.date" value="2021-01-19"/>
    <property name="java.specification.vendor" value="Oracle Corporation"/>
    <property name="ibm.signalhandling.sigchain" value="true"/>
    <property name="library.jansi.path" value="D:\Egyetem\MSc\SOI\apache-maven-3.6.3\bin\..\lib\jansi-native"/>
    <property name="java.library.path" value="C:\Program Files\AdoptOpenJDK\jdk-11.0.10.9-openj9\bin\compressedrefs;C:\Program Files\AdoptOpenJDK\jdk-11.0.10.9-openj9\bin;C:\Windows\system32;C:\Windows;C:\Program Files\AdoptOpenJDK\jdk-11.0.10.9-openj9\bin;C:\Windows\system32;C:\Windows;C:\Windows\System32\Wbem;C:\Windows\System32\WindowsPowerShell\v1.0\;C:\Windows\System32\OpenSSH\;C:\Program Files\PuTTY\;D:\Egyetem\MSc\SOI\apache-maven-3.6.3\bin;D:\Egyetem\MSc\SOI\protoc-3.15.3-win64\bin;C:\Program Files\nodejs\;C:\Program Files\dotnet\;C:\Program Files\Git\cmd;C:\Program Files (x86)\GitExtensions\;C:\Users\Aliz\.amplify\bin;C:\Users\Aliz\AppData\Local\Microsoft\WindowsApps;C:\Users\Aliz\AppData\Local\Programs\Microsoft VS Code\bin;C:\Users\Aliz\AppData\Roaming\npm;C:\Users\Aliz\.dotnet\tools;."/>
    <property name="java.vendor.url" value="https://adoptopenjdk.net/"/>
    <property name="java.vm.vendor" value="Eclipse OpenJ9"/>
    <property name="java.fullversion" value="11.0.10+9
JRE 11 Windows 10 amd64-64-Bit Compressed References 20210120_899 (JIT enabled, AOT enabled)
OpenJ9   - 345e1b09e
OMR      - 741e94ea8
JCL      - 0a86953833 based on jdk-11.0.10+9"/>
    <property name="maven.home" value="D:\Egyetem\MSc\SOI\apache-maven-3.6.3\bin\.."/>
    <property name="java.runtime.name" value="OpenJDK Runtime Environment"/>
    <property name="sun.java.command" value="org.codehaus.plexus.classworlds.launcher.Launcher package"/>
    <property name="java.class.path" value="D:\Egyetem\MSc\SOI\apache-maven-3.6.3\bin\..\boot\plexus-classworlds-2.6.0.jar"/>
    <property name="java.vm.specification.name" value="Java Virtual Machine Specification"/>
    <property name="java.vm.specification.version" value="11"/>
    <property name="sun.cpu.endian" value="little"/>
    <property name="java.io.tmpdir" value="C:\Users\Aliz\AppData\Local\Temp\"/>
    <property name="java.vendor.url.bug" value="https://github.com/AdoptOpenJDK/openjdk-support/issues"/>
    <property name="maven.multiModuleProjectDirectory" value="C:\Users\Aliz\my-app"/>
    <property name="ibm.system.encoding" value="Cp1250"/>
    <property name="os.arch" value="amd64"/>
    <property name="java.awt.graphicsenv" value="sun.awt.Win32GraphicsEnvironment"/>
    <property name="ibm.signalhandling.rs" value="false"/>
    <property name="user.dir" value="C:\Users\Aliz\my-app"/>
    <property name="line.separator" value="
"/>
    <property name="java.vm.name" value="Eclipse OpenJ9 VM"/>
    <property name="com.ibm.oti.shared.enabled" value="false"/>
    <property name="com.ibm.vm.bitmode" value="64"/>
    <property name="file.encoding" value="Cp1250"/>
    <property name="java.specification.version" value="11"/>
    <property name="com.ibm.oti.configuration" value="scar"/>
    <property name="java.vendor.version" value="AdoptOpenJDK"/>
  </properties>
  <testcase classname="com.mycompany.app.AppTest" name="testApp" time="0.001"/>
</testsuite>